  FileName.c
C:\Users\Administrator\source\repos\Project1\Project1\FileName.c(29,21): warning C4473: “scanf_s”: 没有为格式字符串传递足够的参数
      C:\Users\Administrator\source\repos\Project1\Project1\FileName.c(29,21):
      占位符和其参数预计 2 可变参数，但提供的却是 1 参数
      C:\Users\Administrator\source\repos\Project1\Project1\FileName.c(29,21):
      缺失的可变参数 2 为格式字符串“%c”所需
      C:\Users\Administrator\source\repos\Project1\Project1\FileName.c(29,21):
      此参数用作缓冲区大小
  
C:\Users\Administrator\source\repos\Project1\Project1\FileName.c(50,19): warning C4267: “=”: 从“size_t”转换到“int”，可能丢失数据
C:\Users\Administrator\source\repos\Project1\Project1\FileName.c(75,17): warning C4473: “scanf_s”: 没有为格式字符串传递足够的参数
      C:\Users\Administrator\source\repos\Project1\Project1\FileName.c(75,17):
      占位符和其参数预计 2 可变参数，但提供的却是 1 参数
      C:\Users\Administrator\source\repos\Project1\Project1\FileName.c(75,17):
      缺失的可变参数 2 为格式字符串“%c”所需
      C:\Users\Administrator\source\repos\Project1\Project1\FileName.c(75,17):
      此参数用作缓冲区大小
  
C:\Users\Administrator\source\repos\Project1\Project1\FileName.c(25,19): warning C4267: “初始化”: 从“size_t”转换到“int”，可能丢失数据
  find.c
C:\Users\Administrator\source\repos\Project1\Project1\find.c(9,15): warning C4267: “初始化”: 从“size_t”转换到“int”，可能丢失数据
C:\Users\Administrator\source\repos\Project1\Project1\find.c(27,19): warning C4267: “初始化”: 从“size_t”转换到“int”，可能丢失数据
C:\Users\Administrator\source\repos\Project1\Project1\find.c(28,22): warning C4267: “初始化”: 从“size_t”转换到“int”，可能丢失数据
  正在生成代码...
  Project1.vcxproj -> C:\Users\Administrator\source\repos\Project1\Project1\x64\Debug\Project1.exe
